[debug] [2017-08-15T21:51:52.243Z] ----------------------------------------------------------------------
[debug] [2017-08-15T21:51:52.246Z] Command:       /usr/local/Cellar/node/8.2.1/bin/node /usr/local/bin/firebase serve
[debug] [2017-08-15T21:51:52.246Z] CLI Version:   3.9.2
[debug] [2017-08-15T21:51:52.246Z] Platform:      darwin
[debug] [2017-08-15T21:51:52.246Z] Node Version:  v8.2.1
[debug] [2017-08-15T21:51:52.246Z] Time:          Tue Aug 15 2017 16:51:52 GMT-0500 (CDT)
[debug] [2017-08-15T21:51:52.246Z] ----------------------------------------------------------------------
[debug] 
[debug] [2017-08-15T21:51:52.256Z] > command requires scopes: ["email","openid","https://www.googleapis.com/auth/cloudplatformprojects.readonly","https://www.googleapis.com/auth/firebase","https://www.googleapis.com/auth/cloud-platform"]
[debug] [2017-08-15T21:51:52.257Z] > authorizing via signed-in user
[debug] [2017-08-15T21:51:52.258Z] > refreshing access token with scopes: ["email","https://www.googleapis.com/auth/cloud-platform","https://www.googleapis.com/auth/cloudplatformprojects.readonly","https://www.googleapis.com/auth/firebase","openid"]
[debug] [2017-08-15T21:51:52.258Z] >>> HTTP REQUEST POST https://www.googleapis.com/oauth2/v3/token { refresh_token: '1/kMLsUSn_GsZLWdExHx3QqirovZma5616-OELXeVDB-U',
  client_id: '563584335869-fgrhgmd47bqnekij5i8b5pr03ho849e6.apps.googleusercontent.com',
  client_secret: 'j9iVZfS8kkCEFUPaAeJV0sAi',
  grant_type: 'refresh_token',
  scope: 'email https://www.googleapis.com/auth/cloud-platform https://www.googleapis.com/auth/cloudplatformprojects.readonly https://www.googleapis.com/auth/firebase openid' } 
 Tue Aug 15 2017 16:51:52 GMT-0500 (CDT)
[debug] [2017-08-15T21:51:52.477Z] <<< HTTP RESPONSE 200
[debug] [2017-08-15T21:51:52.495Z] >>> HTTP REQUEST GET https://admin.firebase.com/v1/projects/momanagement-3fdf7  
 Tue Aug 15 2017 16:51:52 GMT-0500 (CDT)
[debug] [2017-08-15T21:51:53.223Z] <<< HTTP RESPONSE 200
[debug] [2017-08-15T21:51:53.224Z] >>> HTTP REQUEST GET https://admin.firebase.com/v1/database/momanagement-3fdf7/tokens  
 Tue Aug 15 2017 16:51:53 GMT-0500 (CDT)
[debug] [2017-08-15T21:51:53.838Z] <<< HTTP RESPONSE 200
[info] 
[info] === Serving from '/Users/charlesmcdowell/dev_projects/RiceLandscaping'...
[info] 
[debug] [2017-08-15T21:51:53.841Z] >>> HTTP REQUEST GET https://cloudresourcemanager.googleapis.com/v1/projects/momanagement-3fdf7  
 Tue Aug 15 2017 16:51:53 GMT-0500 (CDT)
[debug] [2017-08-15T21:51:54.078Z] <<< HTTP RESPONSE 200
[debug] [2017-08-15T21:51:54.079Z] >>> HTTP REQUEST GET https://mobilesdk-pa.googleapis.com/v1/projects/332675267095/clients/_:getWebAppConfig  
 Tue Aug 15 2017 16:51:54 GMT-0500 (CDT)
[debug] [2017-08-15T21:51:54.659Z] <<< HTTP RESPONSE 200
[info] i  hosting: Serving hosting files from: public
[info] ✔  hosting: Local server: http://localhost:5000

